<?xml version="1.0" encoding="UTF-8"?>
<testng-results ignored="0" total="1" passed="1" failed="0" skipped="0">
  <reporter-output>
  </reporter-output>
  <suite started-at="2025-01-31T11:08:09 IST" name="Surefire suite" finished-at="2025-01-31T11:08:18 IST" duration-ms="8360">
    <groups>
    </groups>
    <test started-at="2025-01-31T11:08:09 IST" name="Surefire test" finished-at="2025-01-31T11:08:18 IST" duration-ms="8360">
      <class name="tests.CreateAccountTest">
        <test-method is-config="true" signature="setUp()[pri:0, instance:tests.CreateAccountTest@4b5189ac]" started-at="2025-01-31T11:08:10 IST" name="setUp" finished-at="2025-01-31T11:08:15 IST" duration-ms="5104" status="PASS">
          <reporter-output>
          </reporter-output>
        </test-method> <!-- setUp -->
        <test-method signature="createAccount()[pri:1, instance:tests.CreateAccountTest@4b5189ac]" started-at="2025-01-31T11:08:15 IST" name="createAccount" finished-at="2025-01-31T11:08:18 IST" duration-ms="3220" status="PASS">
          <reporter-output>
          </reporter-output>
        </test-method> <!-- createAccount -->
      </class> <!-- tests.CreateAccountTest -->
    </test> <!-- Surefire test -->
  </suite> <!-- Surefire suite -->
</testng-results>
